Base path: 'C:/Program Files/Unity/Hub/Editor/2019.3.0f6/Editor/Data', plugins path 'C:/Program Files/Unity/Hub/Editor/2019.3.0f6/Editor/Data/PlaybackEngines'
Cmd: initializeCompiler
Cmd: compileComputeKernel
  api=4 insize=1321 outsize=1031 ok=1
Cmd: compileComputeKernel
  api=4 insize=4919 outsize=2320 ok=1
Cmd: compileComputeKernel
  api=4 insize=10215 outsize=3333 ok=1
Cmd: initializeCompiler
Cmd: initializeCompiler
Cmd: compileComputeKernel
  api=4 insize=5015 outsize=2757 ok=1
Cmd: compileComputeKernel
  api=4 insize=10338 outsize=3581 ok=1
Cmd: compileComputeKernel
  error: 2 plat 4 at Bonfire.vfx(17): failed to open source file: 'Packages/com.unity.render-pipelines.high-definition/Runtime/VFXGraph/Shaders/VFXDefines.hlsl'
  api=4 insize=8426 outsize=0 ok=0
Cmd: compileComputeKernel
  error: 2 plat 4 at Bonfire.vfx(14): failed to open source file: 'Packages/com.unity.render-pipelines.high-definition/Runtime/VFXGraph/Shaders/VFXDefines.hlsl'
  api=4 insize=7709 outsize=0 ok=0
Cmd: initializeCompiler

Quitting shader compiler process
